<?xml version="1.0" encoding="UTF-8"?>
<coverage generated="1669970582518" clover="3.2.0">
  <project timestamp="1669970582518" name="All files">
    <metrics statements="11" coveredstatements="10" conditionals="2" coveredconditionals="1" methods="3" coveredmethods="3" elements="16" coveredelements="14" complexity="0" loc="11" ncloc="11" packages="1" files="3" classes="3"/>
    <file name="adding.js" path="/Users/leyanpeng/Desktop/Basic System Operations /unit-test-practice/javascript/adding.js">
      <metrics statements="2" coveredstatements="2" conditionals="0" coveredconditionals="0" methods="1" coveredmethods="1"/>
      <line num="2" count="2" type="stmt"/>
      <line num="5" count="1" type="stmt"/>
    </file>
    <file name="array.js" path="/Users/leyanpeng/Desktop/Basic System Operations /unit-test-practice/javascript/array.js">
      <metrics statements="5" coveredstatements="5" conditionals="0" coveredconditionals="0" methods="1" coveredmethods="1"/>
      <line num="3" count="2" type="stmt"/>
      <line num="4" count="2" type="stmt"/>
      <line num="5" count="8" type="stmt"/>
      <line num="7" count="2" type="stmt"/>
      <line num="10" count="1" type="stmt"/>
    </file>
    <file name="ifelse.js" path="/Users/leyanpeng/Desktop/Basic System Operations /unit-test-practice/javascript/ifelse.js">
      <metrics statements="4" coveredstatements="3" conditionals="2" coveredconditionals="1" methods="1" coveredmethods="1"/>
      <line num="11" count="1" type="cond" truecount="1" falsecount="1"/>
      <line num="12" count="0" type="stmt"/>
      <line num="14" count="1" type="stmt"/>
      <line num="18" count="1" type="stmt"/>
    </file>
  </project>
</coverage>
